<?xml version="1.0" encoding="UTF-8"?>
<!-- Generated by org.testng.reporters.JUnitXMLReporter -->
<testsuite ignored="1" hostname="Vamsi" failures="0" tests="1" name="Surefire test" time="128.096" errors="0" timestamp="2025-09-08T22:23:51 IST">
  <testcase classname="part3.SeleniumInteractions" name="testingUsingKeyboard" time="4.205"/>
  <testcase classname="part3.SeleniumInteractions" name="testingForASlider" time="0.0">
    <ignored/>
  </testcase> <!-- testingForASlider -->
</testsuite> <!-- Surefire test -->
